<?xml version="1.0" encoding="UTF-8"?>
<testng-results ignored="0" total="2" passed="2" failed="0" skipped="0">
  <reporter-output>
  </reporter-output>
  <suite started-at="2021-03-05T19:15:29Z" name="Default suite" finished-at="2021-03-05T19:15:32Z" duration-ms="2784">
    <groups>
    </groups>
    <test started-at="2021-03-05T19:15:29Z" name="Default test" finished-at="2021-03-05T19:15:32Z" duration-ms="2784">
      <class name="restAssuredTest.Trello_Post">
        <test-method signature="trial()[pri:0, instance:restAssuredTest.Trello_Post@31f9b85e]" started-at="2021-03-05T19:15:29Z" name="trial" finished-at="2021-03-05T19:15:31Z" duration-ms="2008" status="PASS">
          <reporter-output>
          </reporter-output>
        </test-method> <!-- trial -->
        <test-method signature="zdte()[pri:0, instance:restAssuredTest.Trello_Post@31f9b85e]" started-at="2021-03-05T19:15:31Z" name="zdte" finished-at="2021-03-05T19:15:32Z" duration-ms="754" status="PASS">
          <reporter-output>
          </reporter-output>
        </test-method> <!-- zdte -->
      </class> <!-- restAssuredTest.Trello_Post -->
    </test> <!-- Default test -->
  </suite> <!-- Default suite -->
</testng-results>
